# JRE version: OpenJDK Runtime Environment (8.0_76-b03) (build 1.8.0_76-release-b03)
# Java VM: OpenJDK 64-Bit Server VM (25.76-b03 mixed mode windows-amd64 compressed oops)
Heap:
 PSYoungGen      total 327168K, used 263778K [0x00000000e0000000, 0x00000000fe700000, 0x0000000100000000)
  eden space 307200K, 85% used [0x00000000e0000000,0x00000000f0198bc8,0x00000000f2c00000)
  from space 19968K, 0% used [0x00000000f2c00000,0x00000000f2c00000,0x00000000f3f80000)
  to   space 95744K, 0% used [0x00000000f8980000,0x00000000f8980000,0x00000000fe700000)
 ParOldGen       total 159232K, used 59415K [0x00000000a0000000, 0x00000000a9b80000, 0x00000000e0000000)
  object space 159232K, 37% used [0x00000000a0000000,0x00000000a3a05ca8,0x00000000a9b80000)
 Metaspace       used 74886K, capacity 79036K, committed 79232K, reserved 1118208K
  class space    used 9520K, capacity 10282K, committed 10368K, reserved 1048576K
GC Heap History (10 events):
Event: 1632.080 GC heap before
{Heap before GC invocations=43 (full 10):
 PSYoungGen      total 411136K, used 334599K [0x00000000e0000000, 0x0000000100000000, 0x0000000100000000)
  eden space 304128K, 100% used [0x00000000e0000000,0x00000000f2900000,0x00000000f2900000)
  from space 107008K, 28% used [0x00000000f9780000,0x00000000fb541e00,0x0000000100000000)
  to   space 110080K, 0% used [0x00000000f2900000,0x00000000f2900000,0x00000000f9480000)
 ParOldGen       total 159232K, used 117241K [0x00000000a0000000, 0x00000000a9b80000, 0x00000000e0000000)
  object space 159232K, 73% used [0x00000000a0000000,0x00000000a727e558,0x00000000a9b80000)
 Metaspace       used 70834K, capacity 73770K, committed 75008K, reserved 1114112K
  class space    used 8776K, capacity 9241K, committed 9472K, reserved 1048576K
Event: 1632.132 GC heap after
Heap after GC invocations=43 (full 10):
 PSYoungGen      total 338432K, used 34283K [0x00000000e0000000, 0x00000000ff700000, 0x0000000100000000)
  eden space 304128K, 0% used [0x00000000e0000000,0x00000000e0000000,0x00000000f2900000)
  from space 34304K, 99% used [0x00000000f2900000,0x00000000f4a7ac68,0x00000000f4a80000)
  to   space 103936K, 0% used [0x00000000f9180000,0x00000000f9180000,0x00000000ff700000)
 ParOldGen       total 159232K, used 117249K [0x00000000a0000000, 0x00000000a9b80000, 0x00000000e0000000)
  object space 159232K, 73% used [0x00000000a0000000,0x00000000a7280558,0x00000000a9b80000)
 Metaspace       used 70834K, capacity 73770K, committed 75008K, reserved 1114112K
  class space    used 8776K, capacity 9241K, committed 9472K, reserved 1048576K
}
Event: 1638.079 GC heap before
{Heap before GC invocations=44 (full 10):
 PSYoungGen      total 338432K, used 144794K [0x00000000e0000000, 0x00000000ff700000, 0x0000000100000000)
  eden space 304128K, 36% used [0x00000000e0000000,0x00000000e6bebd40,0x00000000f2900000)
  from space 34304K, 99% used [0x00000000f2900000,0x00000000f4a7ac68,0x00000000f4a80000)
  to   space 103936K, 0% used [0x00000000f9180000,0x00000000f9180000,0x00000000ff700000)
 ParOldGen       total 159232K, used 117249K [0x00000000a0000000, 0x00000000a9b80000, 0x00000000e0000000)
  object space 159232K, 73% used [0x00000000a0000000,0x00000000a7280558,0x00000000a9b80000)
 Metaspace       used 71084K, capacity 74154K, committed 75008K, reserved 1114112K
  class space    used 8810K, capacity 9305K, committed 9472K, reserved 1048576K
Event: 1638.131 GC heap after
Heap after GC invocations=44 (full 10):
 PSYoungGen      total 400896K, used 29154K [0x00000000e0000000, 0x00000000fed00000, 0x0000000100000000)
  eden space 307200K, 0% used [0x00000000e0000000,0x00000000e0000000,0x00000000f2c00000)
  from space 93696K, 31% used [0x00000000f9180000,0x00000000fadf8840,0x00000000fed00000)
  to   space 98816K, 0% used [0x00000000f2c00000,0x00000000f2c00000,0x00000000f8c80000)
 ParOldGen       total 159232K, used 117257K [0x00000000a0000000, 0x00000000a9b80000, 0x00000000e0000000)
  object space 159232K, 73% used [0x00000000a0000000,0x00000000a7282558,0x00000000a9b80000)
 Metaspace       used 71084K, capacity 74154K, committed 75008K, reserved 1114112K
  class space    used 8810K, capacity 9305K, committed 9472K, reserved 1048576K
}
Event: 1638.131 GC heap before
{Heap before GC invocations=45 (full 11):
 PSYoungGen      total 400896K, used 29154K [0x00000000e0000000, 0x00000000fed00000, 0x0000000100000000)
  eden space 307200K, 0% used [0x00000000e0000000,0x00000000e0000000,0x00000000f2c00000)
  from space 93696K, 31% used [0x00000000f9180000,0x00000000fadf8840,0x00000000fed00000)
  to   space 98816K, 0% used [0x00000000f2c00000,0x00000000f2c00000,0x00000000f8c80000)
 ParOldGen       total 159232K, used 117257K [0x00000000a0000000, 0x00000000a9b80000, 0x00000000e0000000)
  object space 159232K, 73% used [0x00000000a0000000,0x00000000a7282558,0x00000000a9b80000)
 Metaspace       used 71084K, capacity 74154K, committed 75008K, reserved 1114112K
  class space    used 8810K, capacity 9305K, committed 9472K, reserved 1048576K
Event: 1638.846 GC heap after
Heap after GC invocations=45 (full 11):
 PSYoungGen      total 400896K, used 0K [0x00000000e0000000, 0x00000000fed00000, 0x0000000100000000)
  eden space 307200K, 0% used [0x00000000e0000000,0x00000000e0000000,0x00000000f2c00000)
  from space 93696K, 0% used [0x00000000f9180000,0x00000000f9180000,0x00000000fed00000)
  to   space 98816K, 0% used [0x00000000f2c00000,0x00000000f2c00000,0x00000000f8c80000)
 ParOldGen       total 159232K, used 40930K [0x00000000a0000000, 0x00000000a9b80000, 0x00000000e0000000)
  object space 159232K, 25% used [0x00000000a0000000,0x00000000a27f8830,0x00000000a9b80000)
 Metaspace       used 71084K, capacity 74154K, committed 75008K, reserved 1114112K
  class space    used 8810K, capacity 9305K, committed 9472K, reserved 1048576K
}
Event: 1774.519 GC heap before
{Heap before GC invocations=46 (full 11):
 PSYoungGen      total 400896K, used 247446K [0x00000000e0000000, 0x00000000fed00000, 0x0000000100000000)
  eden space 307200K, 80% used [0x00000000e0000000,0x00000000ef1a5bd8,0x00000000f2c00000)
  from space 93696K, 0% used [0x00000000f9180000,0x00000000f9180000,0x00000000fed00000)
  to   space 98816K, 0% used [0x00000000f2c00000,0x00000000f2c00000,0x00000000f8c80000)
 ParOldGen       total 159232K, used 40930K [0x00000000a0000000, 0x00000000a9b80000, 0x00000000e0000000)
  object space 159232K, 25% used [0x00000000a0000000,0x00000000a27f8830,0x00000000a9b80000)
 Metaspace       used 74662K, capacity 78716K, committed 78976K, reserved 1118208K
  class space    used 9507K, capacity 10268K, committed 10368K, reserved 1048576K
Event: 1774.586 GC heap after
Heap after GC invocations=46 (full 11):
 PSYoungGen      total 327168K, used 19574K [0x00000000e0000000, 0x00000000fe700000, 0x0000000100000000)
  eden space 307200K, 0% used [0x00000000e0000000,0x00000000e0000000,0x00000000f2c00000)
  from space 19968K, 98% used [0x00000000f2c00000,0x00000000f3f1db60,0x00000000f3f80000)
  to   space 95744K, 0% used [0x00000000f8980000,0x00000000f8980000,0x00000000fe700000)
 ParOldGen       total 159232K, used 40938K [0x00000000a0000000, 0x00000000a9b80000, 0x00000000e0000000)
  object space 159232K, 25% used [0x00000000a0000000,0x00000000a27fa830,0x00000000a9b80000)
 Metaspace       used 74662K, capacity 78716K, committed 78976K, reserved 1118208K
  class space    used 9507K, capacity 10268K, committed 10368K, reserved 1048576K
}
Event: 1774.587 GC heap before
{Heap before GC invocations=47 (full 12):
 PSYoungGen      total 327168K, used 19574K [0x00000000e0000000, 0x00000000fe700000, 0x0000000100000000)
  eden space 307200K, 0% used [0x00000000e0000000,0x00000000e0000000,0x00000000f2c00000)
  from space 19968K, 98% used [0x00000000f2c00000,0x00000000f3f1db60,0x00000000f3f80000)
  to   space 95744K, 0% used [0x00000000f8980000,0x00000000f8980000,0x00000000fe700000)
 ParOldGen       total 159232K, used 40938K [0x00000000a0000000, 0x00000000a9b80000, 0x00000000e0000000)
  object space 159232K, 25% used [0x00000000a0000000,0x00000000a27fa830,0x00000000a9b80000)
 Metaspace       used 74662K, capacity 78716K, committed 78976K, reserved 1118208K
  class space    used 9507K, capacity 10268K, committed 10368K, reserved 1048576K
Event: 1775.518 GC heap after
Heap after GC invocations=47 (full 12):
 PSYoungGen      total 327168K, used 0K [0x00000000e0000000, 0x00000000fe700000, 0x0000000100000000)
  eden space 307200K, 0% used [0x00000000e0000000,0x00000000e0000000,0x00000000f2c00000)
  from space 19968K, 0% used [0x00000000f2c00000,0x00000000f2c00000,0x00000000f3f80000)
  to   space 95744K, 0% used [0x00000000f8980000,0x00000000f8980000,0x00000000fe700000)
 ParOldGen       total 159232K, used 59415K [0x00000000a0000000, 0x00000000a9b80000, 0x00000000e0000000)
  object space 159232K, 37% used [0x00000000a0000000,0x00000000a3a05ca8,0x00000000a9b80000)
 Metaspace       used 74662K, capacity 78716K, committed 78976K, reserved 1118208K
  class space    used 9507K, capacity 10268K, committed 10368K, reserved 1048576K
}

