# JRE version: OpenJDK Runtime Environment (8.0_76-b03) (build 1.8.0_76-release-b03)
# Java VM: OpenJDK 64-Bit Server VM (25.76-b03 mixed mode windows-amd64 compressed oops)
Heap:
 PSYoungGen      total 391680K, used 96164K [0x00000000e0000000, 0x00000000ff900000, 0x0000000100000000)
  eden space 338432K, 13% used [0x00000000e0000000,0x00000000e2b1aec8,0x00000000f4a80000)
  from space 53248K, 97% used [0x00000000fc500000,0x00000000ff7ce1b8,0x00000000ff900000)
  to   space 44544K, 0% used [0x00000000f4a80000,0x00000000f4a80000,0x00000000f7600000)
 ParOldGen       total 243712K, used 158767K [0x00000000a0000000, 0x00000000aee00000, 0x00000000e0000000)
  object space 243712K, 65% used [0x00000000a0000000,0x00000000a9b0bf40,0x00000000aee00000)
 Metaspace       used 64276K, capacity 65958K, committed 66712K, reserved 1107968K
  class space    used 8121K, capacity 8545K, committed 8624K, reserved 1048576K
GC Heap History (10 events):
Event: 67.464 GC heap before
{Heap before GC invocations=18 (full 3):
 PSYoungGen      total 290304K, used 280121K [0x00000000e0000000, 0x00000000f3a80000, 0x0000000100000000)
  eden space 261632K, 100% used [0x00000000e0000000,0x00000000eff80000,0x00000000eff80000)
  from space 28672K, 64% used [0x00000000f1e80000,0x00000000f308e450,0x00000000f3a80000)
  to   space 30208K, 0% used [0x00000000eff80000,0x00000000eff80000,0x00000000f1d00000)
 ParOldGen       total 147968K, used 85038K [0x00000000a0000000, 0x00000000a9080000, 0x00000000e0000000)
  object space 147968K, 57% used [0x00000000a0000000,0x00000000a530bb28,0x00000000a9080000)
 Metaspace       used 64768K, capacity 66446K, committed 66456K, reserved 1107968K
  class space    used 8189K, capacity 8623K, committed 8624K, reserved 1048576K
Event: 67.660 GC heap after
Heap after GC invocations=18 (full 3):
 PSYoungGen      total 291840K, used 30189K [0x00000000e0000000, 0x00000000f9c80000, 0x0000000100000000)
  eden space 261632K, 0% used [0x00000000e0000000,0x00000000e0000000,0x00000000eff80000)
  from space 30208K, 99% used [0x00000000eff80000,0x00000000f1cfb790,0x00000000f1d00000)
  to   space 39424K, 0% used [0x00000000f7600000,0x00000000f7600000,0x00000000f9c80000)
 ParOldGen       total 147968K, used 97705K [0x00000000a0000000, 0x00000000a9080000, 0x00000000e0000000)
  object space 147968K, 66% used [0x00000000a0000000,0x00000000a5f6a668,0x00000000a9080000)
 Metaspace       used 64768K, capacity 66446K, committed 66456K, reserved 1107968K
  class space    used 8189K, capacity 8623K, committed 8624K, reserved 1048576K
}
Event: 71.169 GC heap before
{Heap before GC invocations=19 (full 3):
 PSYoungGen      total 291840K, used 291821K [0x00000000e0000000, 0x00000000f9c80000, 0x0000000100000000)
  eden space 261632K, 100% used [0x00000000e0000000,0x00000000eff80000,0x00000000eff80000)
  from space 30208K, 99% used [0x00000000eff80000,0x00000000f1cfb790,0x00000000f1d00000)
  to   space 39424K, 0% used [0x00000000f7600000,0x00000000f7600000,0x00000000f9c80000)
 ParOldGen       total 147968K, used 97705K [0x00000000a0000000, 0x00000000a9080000, 0x00000000e0000000)
  object space 147968K, 66% used [0x00000000a0000000,0x00000000a5f6a668,0x00000000a9080000)
 Metaspace       used 64794K, capacity 66510K, committed 66712K, reserved 1107968K
  class space    used 8189K, capacity 8623K, committed 8624K, reserved 1048576K
Event: 71.354 GC heap after
Heap after GC invocations=19 (full 3):
 PSYoungGen      total 377856K, used 36622K [0x00000000e0000000, 0x00000000fb200000, 0x0000000100000000)
  eden space 338432K, 0% used [0x00000000e0000000,0x00000000e0000000,0x00000000f4a80000)
  from space 39424K, 92% used [0x00000000f7600000,0x00000000f99c3ad8,0x00000000f9c80000)
  to   space 44544K, 0% used [0x00000000f4a80000,0x00000000f4a80000,0x00000000f7600000)
 ParOldGen       total 147968K, used 127334K [0x00000000a0000000, 0x00000000a9080000, 0x00000000e0000000)
  object space 147968K, 86% used [0x00000000a0000000,0x00000000a7c598c0,0x00000000a9080000)
 Metaspace       used 64794K, capacity 66510K, committed 66712K, reserved 1107968K
  class space    used 8189K, capacity 8623K, committed 8624K, reserved 1048576K
}
Event: 71.354 GC heap before
{Heap before GC invocations=20 (full 4):
 PSYoungGen      total 377856K, used 36622K [0x00000000e0000000, 0x00000000fb200000, 0x0000000100000000)
  eden space 338432K, 0% used [0x00000000e0000000,0x00000000e0000000,0x00000000f4a80000)
  from space 39424K, 92% used [0x00000000f7600000,0x00000000f99c3ad8,0x00000000f9c80000)
  to   space 44544K, 0% used [0x00000000f4a80000,0x00000000f4a80000,0x00000000f7600000)
 ParOldGen       total 147968K, used 127334K [0x00000000a0000000, 0x00000000a9080000, 0x00000000e0000000)
  object space 147968K, 86% used [0x00000000a0000000,0x00000000a7c598c0,0x00000000a9080000)
 Metaspace       used 64794K, capacity 66510K, committed 66712K, reserved 1107968K
  class space    used 8189K, capacity 8623K, committed 8624K, reserved 1048576K
Event: 72.521 GC heap after
Heap after GC invocations=20 (full 4):
 PSYoungGen      total 377856K, used 0K [0x00000000e0000000, 0x00000000fb200000, 0x0000000100000000)
  eden space 338432K, 0% used [0x00000000e0000000,0x00000000e0000000,0x00000000f4a80000)
  from space 39424K, 0% used [0x00000000f7600000,0x00000000f7600000,0x00000000f9c80000)
  to   space 44544K, 0% used [0x00000000f4a80000,0x00000000f4a80000,0x00000000f7600000)
 ParOldGen       total 243712K, used 114416K [0x00000000a0000000, 0x00000000aee00000, 0x00000000e0000000)
  object space 243712K, 46% used [0x00000000a0000000,0x00000000a6fbc328,0x00000000aee00000)
 Metaspace       used 64143K, capacity 65830K, committed 66712K, reserved 1107968K
  class space    used 8120K, capacity 8545K, committed 8624K, reserved 1048576K
}
Event: 75.795 GC heap before
{Heap before GC invocations=21 (full 4):
 PSYoungGen      total 377856K, used 338432K [0x00000000e0000000, 0x00000000fb200000, 0x0000000100000000)
  eden space 338432K, 100% used [0x00000000e0000000,0x00000000f4a80000,0x00000000f4a80000)
  from space 39424K, 0% used [0x00000000f7600000,0x00000000f7600000,0x00000000f9c80000)
  to   space 44544K, 0% used [0x00000000f4a80000,0x00000000f4a80000,0x00000000f7600000)
 ParOldGen       total 243712K, used 114416K [0x00000000a0000000, 0x00000000aee00000, 0x00000000e0000000)
  object space 243712K, 46% used [0x00000000a0000000,0x00000000a6fbc328,0x00000000aee00000)
 Metaspace       used 64223K, capacity 65894K, committed 66712K, reserved 1107968K
  class space    used 8120K, capacity 8545K, committed 8624K, reserved 1048576K
Event: 75.936 GC heap after
Heap after GC invocations=21 (full 4):
 PSYoungGen      total 382976K, used 44513K [0x00000000e0000000, 0x00000000ff900000, 0x0000000100000000)
  eden space 338432K, 0% used [0x00000000e0000000,0x00000000e0000000,0x00000000f4a80000)
  from space 44544K, 99% used [0x00000000f4a80000,0x00000000f75f84a0,0x00000000f7600000)
  to   space 53248K, 0% used [0x00000000fc500000,0x00000000fc500000,0x00000000ff900000)
 ParOldGen       total 243712K, used 119134K [0x00000000a0000000, 0x00000000aee00000, 0x00000000e0000000)
  object space 243712K, 48% used [0x00000000a0000000,0x00000000a7457af8,0x00000000aee00000)
 Metaspace       used 64223K, capacity 65894K, committed 66712K, reserved 1107968K
  class space    used 8120K, capacity 8545K, committed 8624K, reserved 1048576K
}
Event: 78.575 GC heap before
{Heap before GC invocations=22 (full 4):
 PSYoungGen      total 382976K, used 382945K [0x00000000e0000000, 0x00000000ff900000, 0x0000000100000000)
  eden space 338432K, 100% used [0x00000000e0000000,0x00000000f4a80000,0x00000000f4a80000)
  from space 44544K, 99% used [0x00000000f4a80000,0x00000000f75f84a0,0x00000000f7600000)
  to   space 53248K, 0% used [0x00000000fc500000,0x00000000fc500000,0x00000000ff900000)
 ParOldGen       total 243712K, used 119134K [0x00000000a0000000, 0x00000000aee00000, 0x00000000e0000000)
  object space 243712K, 48% used [0x00000000a0000000,0x00000000a7457af8,0x00000000aee00000)
 Metaspace       used 64273K, capacity 65958K, committed 66712K, reserved 1107968K
  class space    used 8121K, capacity 8545K, committed 8624K, reserved 1048576K
Event: 78.903 GC heap after
Heap after GC invocations=22 (full 4):
 PSYoungGen      total 391680K, used 52024K [0x00000000e0000000, 0x00000000ff900000, 0x0000000100000000)
  eden space 338432K, 0% used [0x00000000e0000000,0x00000000e0000000,0x00000000f4a80000)
  from space 53248K, 97% used [0x00000000fc500000,0x00000000ff7ce1b8,0x00000000ff900000)
  to   space 44544K, 0% used [0x00000000f4a80000,0x00000000f4a80000,0x00000000f7600000)
 ParOldGen       total 243712K, used 158767K [0x00000000a0000000, 0x00000000aee00000, 0x00000000e0000000)
  object space 243712K, 65% used [0x00000000a0000000,0x00000000a9b0bf40,0x00000000aee00000)
 Metaspace       used 64273K, capacity 65958K, committed 66712K, reserved 1107968K
  class space    used 8121K, capacity 8545K, committed 8624K, reserved 1048576K
}

